   1                             		.file	"hardware_setup.c"
   2                             		.section P,"ax"
   3                             	.Ltext0:
   4                             		.global	_HardwareSetup
   6                             	_HardwareSetup:
   7                             	.LFB0:
   8                             		.file 1 "../src/hardware_setup.c"
   1:../src/hardware_setup.c **** /***************************************************************/
   2:../src/hardware_setup.c **** /*                                                             */
   3:../src/hardware_setup.c **** /*      PROJECT NAME :  rx210                                  */
   4:../src/hardware_setup.c **** /*      FILE         :  hardware_setup.c                       */
   5:../src/hardware_setup.c **** /*      DESCRIPTION  :  Hardware Initialization                */
   6:../src/hardware_setup.c **** /*      CPU SERIES   :  RX200                                  */
   7:../src/hardware_setup.c **** /*      CPU TYPE     :  RX210                                  */
   8:../src/hardware_setup.c **** /*                                                             */
   9:../src/hardware_setup.c **** /*      This file is generated by e2 studio.                   */
  10:../src/hardware_setup.c **** /*                                                             */
  11:../src/hardware_setup.c **** /***************************************************************/                                
  12:../src/hardware_setup.c ****                                                                            
  13:../src/hardware_setup.c ****                                                                            
  14:../src/hardware_setup.c **** /************************************************************************/
  15:../src/hardware_setup.c **** /*    File Version: V1.00                                               */
  16:../src/hardware_setup.c **** /*    Date Generated: 08/07/2013                                        */
  17:../src/hardware_setup.c **** /************************************************************************/
  18:../src/hardware_setup.c **** 
  19:../src/hardware_setup.c **** #include "iodefine.h"
  20:../src/hardware_setup.c **** #ifdef __cplusplus
  21:../src/hardware_setup.c **** extern "C"
  22:../src/hardware_setup.c **** {
  23:../src/hardware_setup.c **** #endif
  24:../src/hardware_setup.c ****   extern void HardwareSetup (void);
  25:../src/hardware_setup.c **** #ifdef __cplusplus
  26:../src/hardware_setup.c **** }
  27:../src/hardware_setup.c **** #endif
  28:../src/hardware_setup.c **** 
  29:../src/hardware_setup.c **** void
  30:../src/hardware_setup.c **** HardwareSetup (void)
  31:../src/hardware_setup.c **** {
   9                             		.loc 1 31 0
  10 0000 7E AA                   		push.l	r10
  11                             	.LCFI0:
  12 0002 7E A6                   		push.l	r6
  13                             	.LCFI1:
  14 0004 EF 06                   		mov.L	r0, r6
  15                             	.LCFI2:
  32:../src/hardware_setup.c **** /* Port A - MTCLKA & MTCLKB & MTCLKC & MTCLKD */
  33:../src/hardware_setup.c **** PORTA.PODR.BYTE = 0x00 ;    /* */
  16                             		.loc 1 33 0
  17 0006 FB AE 0A C0 08          		mov.L	#0x8c00a, r10
  18 000b F9 A4 20 00             		mov.B	#0, 32[r10]
  34:../src/hardware_setup.c **** PORTA.PMR.BYTE  = 0x00 ;    /* All GPIO for now */
  19                             		.loc 1 34 0
  20 000f FB AE 0A C0 08          		mov.L	#0x8c00a, r10
  21 0014 F9 A4 60 00             		mov.B	#0, 96[r10]
  35:../src/hardware_setup.c **** MPC.PA4PFS.BYTE = 0x02 ;    // port = MTCLKA (input)
  22                             		.loc 1 35 0
  23 0018 FB AE 00 C1 08          		mov.L	#0x8c100, r10
  24 001d F9 A4 94 02             		mov.B	#2, 148[r10]
  36:../src/hardware_setup.c **** MPC.PA6PFS.BYTE = 0x02 ;	// port = MTCLKB (input)
  25                             		.loc 1 36 0
  26 0021 FB AE 00 C1 08          		mov.L	#0x8c100, r10
  27 0026 F9 A4 96 02             		mov.B	#2, 150[r10]
  37:../src/hardware_setup.c **** MPC.PA1PFS.BYTE = 0x02 ;	// port = MTCLKC (input)
  28                             		.loc 1 37 0
  29 002a FB AE 00 C1 08          		mov.L	#0x8c100, r10
  30 002f F9 A4 91 02             		mov.B	#2, 145[r10]
  38:../src/hardware_setup.c **** MPC.PA3PFS.BYTE = 0x02 ;	// port = MTCLKD (input)
  31                             		.loc 1 38 0
  32 0033 FB AE 00 C1 08          		mov.L	#0x8c100, r10
  33 0038 F9 A4 93 02             		mov.B	#2, 147[r10]
  39:../src/hardware_setup.c **** PORTA.PMR.BYTE  = 0b01011010 ;    // port 6 & 4 & 3 & 1 use as function
  34                             		.loc 1 39 0
  35 003c FB AE 0A C0 08          		mov.L	#0x8c00a, r10
  36 0041 F9 A4 60 5A             		mov.B	#0x5a, 96[r10]
  40:../src/hardware_setup.c **** PORTA.PODR.BYTE = 0x00 ; 	// all output are low
  37                             		.loc 1 40 0
  38 0045 FB AE 0A C0 08          		mov.L	#0x8c00a, r10
  39 004a F9 A4 20 00             		mov.B	#0, 32[r10]
  41:../src/hardware_setup.c **** PORTA.PDR.BYTE = 0x00 ;	// all are input
  40                             		.loc 1 41 0
  41 004e FB AE 0A C0 08          		mov.L	#0x8c00a, r10
  42 0053 F8 A4 00                		mov.B	#0, [r10]
  42:../src/hardware_setup.c **** 
  43:../src/hardware_setup.c **** /* Port B - H driver left and right & RX/TX*/
  44:../src/hardware_setup.c **** PORTB.PODR.BYTE = 0x00 ;    /* */
  43                             		.loc 1 44 0
  44 0056 FB AE 0B C0 08          		mov.L	#0x8c00b, r10
  45 005b F9 A4 20 00             		mov.B	#0, 32[r10]
  45:../src/hardware_setup.c **** PORTB.PMR.BYTE  = 0x00 ;    /* All GPIO for now */
  46                             		.loc 1 45 0
  47 005f FB AE 0B C0 08          		mov.L	#0x8c00b, r10
  48 0064 F9 A4 60 00             		mov.B	#0, 96[r10]
  46:../src/hardware_setup.c **** MPC.PB0PFS.BYTE = 0x02 ;    // port = 0/1 (output)
  49                             		.loc 1 46 0
  50 0068 FB AE 00 C1 08          		mov.L	#0x8c100, r10
  51 006d F9 A4 98 02             		mov.B	#2, 152[r10]
  47:../src/hardware_setup.c **** MPC.PB1PFS.BYTE = 0x02 ;	// port = 0/1 (output)
  52                             		.loc 1 47 0
  53 0071 FB AE 00 C1 08          		mov.L	#0x8c100, r10
  54 0076 F9 A4 99 02             		mov.B	#2, 153[r10]
  48:../src/hardware_setup.c **** MPC.PB2PFS.BYTE = 0x02 ;	// port = 0/1 (output)
  55                             		.loc 1 48 0
  56 007a FB AE 00 C1 08          		mov.L	#0x8c100, r10
  57 007f F9 A4 9A 02             		mov.B	#2, 154[r10]
  49:../src/hardware_setup.c **** MPC.PB3PFS.BYTE = 0x02 ;	// port = 0/1 (output)
  58                             		.loc 1 49 0
  59 0083 FB AE 00 C1 08          		mov.L	#0x8c100, r10
  60 0088 F9 A4 9B 02             		mov.B	#2, 155[r10]
  50:../src/hardware_setup.c **** MPC.PB6PFS.BYTE = 0x10 ;	// port = RXD9 (input)
  61                             		.loc 1 50 0
  62 008c FB AE 00 C1 08          		mov.L	#0x8c100, r10
  63 0091 F9 A4 9E 10             		mov.B	#16, 158[r10]
  51:../src/hardware_setup.c **** MPC.PB7PFS.BYTE = 0x10 ;	// port = TXD9 (output)
  64                             		.loc 1 51 0
  65 0095 FB AE 00 C1 08          		mov.L	#0x8c100, r10
  66 009a F9 A4 9F 10             		mov.B	#16, 159[r10]
  52:../src/hardware_setup.c **** PORTB.PMR.BYTE  = 0b011000000 ;    // port 6 & 7 use as function
  67                             		.loc 1 52 0
  68 009e FB AE 0B C0 08          		mov.L	#0x8c00b, r10
  69 00a3 F9 A4 60 C0             		mov.B	#-64, 96[r10]
  53:../src/hardware_setup.c **** PORTB.PODR.BYTE = 0x00 ; 	// all output are low
  70                             		.loc 1 53 0
  71 00a7 FB AE 0B C0 08          		mov.L	#0x8c00b, r10
  72 00ac F9 A4 20 00             		mov.B	#0, 32[r10]
  54:../src/hardware_setup.c **** PORTB.PDR.BYTE = 0b110111111 ;	// port 6 as input rest as output
  73                             		.loc 1 54 0
  74 00b0 FB AE 0B C0 08          		mov.L	#0x8c00b, r10
  75 00b5 F8 A4 BF                		mov.B	#0xffffffbf, [r10]
  55:../src/hardware_setup.c **** 
  56:../src/hardware_setup.c **** /*Port C - MTIOC3A & MTIOC3C */
  57:../src/hardware_setup.c **** PORTC.PODR.BYTE = 0x00 ;    /* */
  76                             		.loc 1 57 0
  77 00b8 FB AE 0C C0 08          		mov.L	#0x8c00c, r10
  78 00bd F9 A4 20 00             		mov.B	#0, 32[r10]
  58:../src/hardware_setup.c **** PORTC.PMR.BYTE  = 0x00 ;    /* All GPIO for now */
  79                             		.loc 1 58 0
  80 00c1 FB AE 0C C0 08          		mov.L	#0x8c00c, r10
  81 00c6 F9 A4 60 00             		mov.B	#0, 96[r10]
  59:../src/hardware_setup.c **** MPC.PC0PFS.BYTE = 0x01 ;    // port = MTIOC3C (output)
  82                             		.loc 1 59 0
  83 00ca FB AE 00 C1 08          		mov.L	#0x8c100, r10
  84 00cf F9 A4 A0 01             		mov.B	#1, 160[r10]
  60:../src/hardware_setup.c **** MPC.PC1PFS.BYTE = 0x01 ;	// port = MTIOC3A (output)
  85                             		.loc 1 60 0
  86 00d3 FB AE 00 C1 08          		mov.L	#0x8c100, r10
  87 00d8 F9 A4 A1 01             		mov.B	#1, 161[r10]
  61:../src/hardware_setup.c **** PORTC.PMR.BYTE  = 0b00000011 ;    // port 0 & 1 use as function
  88                             		.loc 1 61 0
  89 00dc FB AE 0C C0 08          		mov.L	#0x8c00c, r10
  90 00e1 F9 A4 60 03             		mov.B	#3, 96[r10]
  62:../src/hardware_setup.c **** PORTC.PODR.BYTE = 0x00 ; 	// all output are low
  91                             		.loc 1 62 0
  92 00e5 FB AE 0C C0 08          		mov.L	#0x8c00c, r10
  93 00ea F9 A4 20 00             		mov.B	#0, 32[r10]
  63:../src/hardware_setup.c **** PORTC.PDR.BYTE = 0xFF ;	// all are output
  94                             		.loc 1 63 0
  95 00ee FB AE 0C C0 08          		mov.L	#0x8c00c, r10
  96 00f3 F8 A4 FF                		mov.B	#-1, [r10]
  64:../src/hardware_setup.c **** }
  97                             		.loc 1 64 0
  98 00f6 7E B6                   		pop	r6
  99 00f8 7E BA                   		pop	r10
 100 00fa 02                      		rts
 101                             	.LFE0:
 145                             	.Letext0:
 146                             		.file 2 "../src/iodefine.h"
