   1                             		.file	"rx210.c"
   2                             		.section P,"ax"
   3                             	.Ltext0:
   4                             		.global	_main
   6                             	_main:
   7                             	.LFB0:
   8                             		.file 1 "../src/rx210.c"
   1:../src/rx210.c **** /***************************************************************/
   2:../src/rx210.c **** /*                                                             */
   3:../src/rx210.c **** /*      PROJECT NAME :  rx210                                  */
   4:../src/rx210.c **** /*      FILE         :  rx210.c                                */
   5:../src/rx210.c **** /*      DESCRIPTION  :  Main Program                           */
   6:../src/rx210.c **** /*      CPU SERIES   :  RX200                                  */
   7:../src/rx210.c **** /*      CPU TYPE     :  RX210                                  */
   8:../src/rx210.c **** /*                                                             */
   9:../src/rx210.c **** /*      This file is generated by e2 studio.                   */
  10:../src/rx210.c **** /*                                                             */
  11:../src/rx210.c **** /***************************************************************/                                
  12:../src/rx210.c ****                                                                            
  13:../src/rx210.c ****                                                                            
  14:../src/rx210.c **** /************************************************************************/
  15:../src/rx210.c **** /*    File Version: V1.00                                               */
  16:../src/rx210.c **** /*    Date Generated: 08/07/2013                                        */
  17:../src/rx210.c **** /************************************************************************/
  18:../src/rx210.c **** 
  19:../src/rx210.c **** #include "iodefine.h"
  20:../src/rx210.c **** #include "RPBRX210.h"
  21:../src/rx210.c **** 
  22:../src/rx210.c **** #ifdef CPPAPP
  23:../src/rx210.c **** //Initialize global constructors
  24:../src/rx210.c **** extern "C" void __main()
  25:../src/rx210.c **** {
  26:../src/rx210.c ****   static int initialized;
  27:../src/rx210.c ****   if (! initialized)
  28:../src/rx210.c ****     {
  29:../src/rx210.c ****       typedef void (*pfunc) ();
  30:../src/rx210.c ****       extern pfunc __ctors[];
  31:../src/rx210.c ****       extern pfunc __ctors_end[];
  32:../src/rx210.c ****       pfunc *p;
  33:../src/rx210.c **** 
  34:../src/rx210.c ****       initialized = 1;
  35:../src/rx210.c ****       for (p = __ctors_end; p > __ctors; )
  36:../src/rx210.c ****     (*--p) ();
  37:../src/rx210.c **** 
  38:../src/rx210.c ****     }
  39:../src/rx210.c **** }
  40:../src/rx210.c **** #endif 
  41:../src/rx210.c **** 
  42:../src/rx210.c **** int main(void)
  43:../src/rx210.c **** {
   9                             		.loc 1 43 0
  10 0000 6E 6C                   		pushm	r6-r12
  11                             	.LCFI0:
  12 0002 71 06 FC                		add	#-4, r0, r6
  13                             	.LCFI1:
  14 0005 EF 60                   		mov.L	r6, r0
  15                             	.LCFI2:
  16                             	.L4:
  17                             	.LBB2:
  44:../src/rx210.c ****     while (1) {
  45:../src/rx210.c ****     	LED1 = ~LED1;
  18                             		.loc 1 45 0
  19 0007 FB AE 01 C0 08          		mov.L	#0x8c001, r10
  20 000c FB BE 01 C0 08          		mov.L	#0x8c001, r11
  21 0011 CD BB 20                		mov.B	32[r11], r11
  22 0014 5B BB                   		movu.B	r11, r11
  23 0016 68 6B                   		shlr	#6, r11
  24 0018 64 1B                   		and	#1, r11
  25 001a 7E 0B                   		not	r11
  26 001c 64 1B                   		and	#1, r11
  27 001e 64 1B                   		and	#1, r11
  28 0020 6C 6B                   		shll	#6, r11
  29 0022 CD AC 20                		mov.B	32[r10], r12
  30 0025 75 2C BF                		and	#0xffffffbf, r12
  31 0028 57 CB                   		or	r12, r11
  32 002a C7 AB 20                		mov.B	r11, 32[r10]
  46:../src/rx210.c ****     	int i=0;
  33                             		.loc 1 46 0
  34 002d F8 66 00                		mov.L	#0, [r6]
  47:../src/rx210.c ****     	for(i=0;i<100000;i++){};
  35                             		.loc 1 47 0
  36 0030 F8 66 00                		mov.L	#0, [r6]
  37 0033 0F                      		bra	.L2
  38                             	.L3:
  39                             		.loc 1 47 0 is_stmt 0 discriminator 2
  40 0034 EC 6A                   		mov.L	[r6], r10
  41 0036 62 1A                   		add	#1, r10
  42 0038 E3 6A                   		mov.L	r10, [r6]
  43                             	.L2:
  44                             		.loc 1 47 0 discriminator 1
  45 003a EC 6A                   		mov.L	[r6], r10
  46 003c 77 0A 9F 86 01          		cmp	#0x1869f, r10
  47 0041 2B F3                   		ble	.L3
  48                             	.LBE2:
  48:../src/rx210.c ****     }
  49                             		.loc 1 48 0 is_stmt 1
  50 0043 2E C4                   		bra	.L4
  51                             	.LFE0:
 106                             	.Letext0:
 107                             		.file 2 "../src/iodefine.h"
